<?xml version="1.0" encoding="UTF-8"?>
<!-- Generated by org.testng.reporters.JUnitXMLReporter -->
<testsuite ignored="1" hostname="LAPTOP-BCHU3DJA" failures="0" tests="3" name="Default test" time="51.729" errors="0" timestamp="2024-09-19T14:30:33 IST">
  <testcase classname="tests.ValidateRegisterPage" name="validateLoginPage" time="11.415"/>
  <testcase classname="tests.ValidateRegisterPage" name="ValidateHomePage" time="5.271"/>
  <testcase classname="tests.ValidateRegisterPage" name="ValidateRequestQuotationPage" time="25.512"/>
  <testcase classname="tests.ValidateRegisterPage" name="validateRegisterPage" time="0.0">
    <ignored/>
  </testcase> <!-- validateRegisterPage -->
</testsuite> <!-- Default test -->
